<?xml version="1.0" encoding="UTF-8"?>
<coverage generated="1666736886461" clover="3.2.0">
  <project timestamp="1666736886462" name="All files">
    <metrics statements="22" coveredstatements="22" conditionals="7" coveredconditionals="6" methods="6" coveredmethods="6" elements="35" coveredelements="34" complexity="0" loc="22" ncloc="22" packages="1" files="2" classes="2"/>
    <file name="Fortunes.js" path="/home/kwame/Desktop/express/express_ts/dist/Fortunes.js">
      <metrics statements="5" coveredstatements="5" conditionals="0" coveredconditionals="0" methods="1" coveredmethods="1"/>
      <line num="2" count="1" type="stmt"/>
      <line num="3" count="1" type="stmt"/>
      <line num="12" count="1" type="stmt"/>
      <line num="13" count="1" type="stmt"/>
      <line num="15" count="1" type="stmt"/>
    </file>
    <file name="Handlers.js" path="/home/kwame/Desktop/express/express_ts/dist/Handlers.js">
      <metrics statements="17" coveredstatements="17" conditionals="7" coveredconditionals="6" methods="5" coveredmethods="5"/>
      <line num="2" count="1" type="cond" truecount="3" falsecount="0"/>
      <line num="3" count="1" type="cond" truecount="3" falsecount="1"/>
      <line num="5" count="1" type="stmt"/>
      <line num="6" count="1" type="stmt"/>
      <line num="7" count="1" type="stmt"/>
      <line num="8" count="1" type="stmt"/>
      <line num="9" count="1" type="stmt"/>
      <line num="11" count="1" type="stmt"/>
      <line num="12" count="1" type="stmt"/>
      <line num="13" count="1" type="stmt"/>
      <line num="17" count="1" type="stmt"/>
      <line num="18" count="1" type="stmt"/>
      <line num="19" count="1" type="stmt"/>
      <line num="21" count="1" type="stmt"/>
      <line num="22" count="1" type="stmt"/>
      <line num="23" count="1" type="stmt"/>
      <line num="25" count="1" type="stmt"/>
    </file>
  </project>
</coverage>
